<?xml version="1.0" encoding="UTF-8"?>
<!-- Generated by org.testng.reporters.JUnitReportReporter -->
<testsuite hostname="HP" name="projectlocal.tests.MatchStateTest" tests="1" failures="0" timestamp="22 Nov 2014 17:46:54 GMT" time="0.013" errors="0">
  <testcase name="checkWhetherBallUsedIsSame" time="0.013" classname="projectlocal.tests.MatchStateTest"/>
</testsuite> <!-- projectlocal.tests.MatchStateTest -->
