<?xml version="1.0" encoding="UTF-8"?>
<!-- Generated by org.testng.reporters.JUnitReportReporter -->
<testsuite hostname="HP" name="projectlocal.tests.LineTest" tests="1" failures="0" timestamp="22 Nov 2014 11:05:21 GMT" time="0.029" errors="0">
  <testcase name="checkWhetheraddPlayersAddsToArrayList" time="0.029" classname="projectlocal.tests.LineTest"/>
</testsuite> <!-- projectlocal.tests.LineTest -->
