<?xml version="1.0" encoding="UTF-8"?>
<!-- Generated by org.testng.reporters.JUnitReportReporter -->
<testsuite hostname="HP" name="projectlocal.tests.BallTest" tests="2" failures="0" timestamp="22 Nov 2014 17:34:23 GMT" time="0.015" errors="0">
  <testcase name="checkWhetherCoOrdinatesAreBeingChanged" time="0.014" classname="projectlocal.tests.BallTest"/>
  <testcase name="checkWhetherSingleInstanceOfBallIsCreated" time="0.001" classname="projectlocal.tests.BallTest"/>
</testsuite> <!-- projectlocal.tests.BallTest -->
