<?xml version="1.0" encoding="UTF-8"?>
<!-- Generated by org.testng.reporters.JUnitReportReporter -->
<testsuite hostname="HP" name="projectlocal.tests.GameStateManagerTest" tests="3" failures="0" timestamp="22 Nov 2014 11:05:12 GMT" time="0.016" errors="0">
  <testcase name="getMyPanel" time="0.001" classname="projectlocal.tests.GameStateManagerTest"/>
  <testcase name="checkNumberOfGameStates" time="0.014" classname="projectlocal.tests.GameStateManagerTest"/>
  <testcase name="setState" time="0.001" classname="projectlocal.tests.GameStateManagerTest"/>
</testsuite> <!-- projectlocal.tests.GameStateManagerTest -->
