<?xml version="1.0" encoding="UTF-8"?>
<!-- Generated by org.testng.reporters.JUnitReportReporter -->
<testsuite hostname="HP" name="projectlocal.tests.MatchBuilderTest" tests="8" failures="0" timestamp="22 Nov 2014 13:34:07 GMT" time="0.034" errors="0">
  <testcase name="checkWhetherDifficultyLevelIsSet" time="0.017" classname="projectlocal.tests.MatchBuilderTest"/>
  <testcase name="shouldReturnBallObject" time="0.000" classname="projectlocal.tests.MatchBuilderTest"/>
  <testcase name="shouldReturnBuilderObjectWhenCreatedUsingTeam2makeLines" time="0.001" classname="projectlocal.tests.MatchBuilderTest"/>
  <testcase name="shouldCreateTeamsUsingmakeSinglePlayerTeams" time="0.000" classname="projectlocal.tests.MatchBuilderTest"/>
  <testcase name="shouldReturnMatchObject" time="0.001" classname="projectlocal.tests.MatchBuilderTest"/>
  <testcase name="shouldCreateTeamsUsingmakeMultiPlayerTeams" time="0.012" classname="projectlocal.tests.MatchBuilderTest"/>
  <testcase name="shouldReturnBuilderObjectWhenCreatedUsinggetBuilderInstance" time="0.001" classname="projectlocal.tests.MatchBuilderTest"/>
  <testcase name="shouldReturnBuilderObjectWhenCreatedUsingTeam1makeLines" time="0.002" classname="projectlocal.tests.MatchBuilderTest"/>
</testsuite> <!-- projectlocal.tests.MatchBuilderTest -->
